Using pre-set license
Built from '2020.3/staging' branch; Version is '2020.3.5f1 (8095aa901b9b) revision 8426922'; Using compiler version '192528614'; Build Type 'Release'
OS: 'Windows 10 Home; OS build 19044.1586; Version 2009; 64bit' Language: 'es' Physical Memory: 16204 MB
BatchMode: 1, IsHumanControllingUs: 0, StartBugReporterOnCrash: 0, Is64bit: 1, IsPro: 0

 COMMAND LINE ARGUMENTS:
C:\Program Files\Unity\Hub\Editor\2020.3.5f1\Editor\Unity.exe
-adb2
-batchMode
-noUpm
-name
AssetImportWorker0
-projectPath
D:/Documentos/Mi Unity/Proyecto de Grado
-logFile
Logs/AssetImportWorker0.log
-srvPort
54501
Successfully changed project path to: D:/Documentos/Mi Unity/Proyecto de Grado
D:/Documentos/Mi Unity/Proyecto de Grado
Using Asset Import Pipeline V2.
Refreshing native plugins compatible for Editor in 58.22 ms, found 1 plugins.
Preloading 0 native plugins for Editor in 0.00 ms.
Initialize engine version: 2020.3.5f1 (8095aa901b9b)
[Subsystems] Discovering subsystems at path C:/Program Files/Unity/Hub/Editor/2020.3.5f1/Editor/Data/Resources/UnitySubsystems
[Subsystems] Discovering subsystems at path D:/Documentos/Mi Unity/Proyecto de Grado/Assets
GfxDevice: creating device client; threaded=0
Direct3D:
    Version:  Direct3D 11.0 [level 11.1]
    Renderer: NVIDIA GeForce RTX 2070 (ID=0x1f14)
    Vendor:   
    VRAM:     8031 MB
    Driver:   30.0.15.1123
Initialize mono
Mono path[0] = 'C:/Program Files/Unity/Hub/Editor/2020.3.5f1/Editor/Data/Managed'
Mono path[1] = 'C:/Program Files/Unity/Hub/Editor/2020.3.5f1/Editor/Data/MonoBleedingEdge/lib/mono/unityjit'
Mono config path = 'C:/Program Files/Unity/Hub/Editor/2020.3.5f1/Editor/Data/MonoBleedingEdge/etc'
Using monoOptions --debugger-agent=transport=dt_socket,embedding=1,server=y,suspend=n,address=127.0.0.1:56420
Begin MonoManager ReloadAssembly
Registering precompiled unity dll's ...
Register platform support module: C:/Program Files/Unity/Hub/Editor/2020.3.5f1/Editor/Data/PlaybackEngines/WebGLSupport/UnityEditor.WebGL.Extensions.dll
Register platform support module: C:/Program Files/Unity/Hub/Editor/2020.3.5f1/Editor/Data/PlaybackEngines/WindowsStandaloneSupport/UnityEditor.WindowsStandalone.Extensions.dll
Registered in 0.002869 seconds.
Native extension for WindowsStandalone target not found
Native extension for WebGL target not found
Refreshing native plugins compatible for Editor in 79.65 ms, found 1 plugins.
Preloading 0 native plugins for Editor in 0.00 ms.
Mono: successfully reloaded assembly
- Completed reload, in  1.667 seconds
Platform modules already initialized, skipping
Registering precompiled user dll's ...
Registered in 0.004635 seconds.
Begin MonoManager ReloadAssembly
Native extension for WindowsStandalone target not found
Native extension for WebGL target not found
Refreshing native plugins compatible for Editor in 54.31 ms, found 1 plugins.
Preloading 0 native plugins for Editor in 0.00 ms.
Mono: successfully reloaded assembly
- Completed reload, in  1.416 seconds
Platform modules already initialized, skipping
========================================================================
Worker process is ready to serve import requests
Launched and connected shader compiler UnityShaderCompiler.exe after 0.05 seconds
Refreshing native plugins compatible for Editor in 0.50 ms, found 1 plugins.
Preloading 0 native plugins for Editor in 0.00 ms.
Unloading 2138 Unused Serialized files (Serialized files now loaded: 0)
System memory in use before: 96.7 MB.
System memory in use after: 96.8 MB.

Unloading 24 unused Assets to reduce memory usage. Loaded Objects now: 2582.
Total: 4.164100 ms (FindLiveObjects: 0.275800 ms CreateObjectMapping: 0.124800 ms MarkObjects: 3.647200 ms  DeleteObjects: 0.114800 ms)

========================================================================
Received Import Request.
  path: Assets/Scripts/UISelectMenu.cs
  artifactKey: Guid(e35dc482c01298941af51345d6caf7c0) Importer(815301076,1909f56bfc062723c751e8b465ee728b)
Start importing Assets/Scripts/UISelectMenu.cs using Guid(e35dc482c01298941af51345d6caf7c0) Importer(815301076,1909f56bfc062723c751e8b465ee728b)  -> (artifact id: 'a6f81585c9e798b77f42bc5779cdbac8') in 0.028182 seconds
  Import took 0.032405 seconds .

========================================================================
Received Prepare
Registering precompiled user dll's ...
Registered in 0.002580 seconds.
Begin MonoManager ReloadAssembly
Native extension for WindowsStandalone target not found
Native extension for WebGL target not found
Refreshing native plugins compatible for Editor in 0.39 ms, found 1 plugins.
Preloading 0 native plugins for Editor in 0.00 ms.
Mono: successfully reloaded assembly
- Completed reload, in  0.861 seconds
Platform modules already initialized, skipping
Refreshing native plugins compatible for Editor in 0.47 ms, found 1 plugins.
Preloading 0 native plugins for Editor in 0.00 ms.
Unloading 2115 Unused Serialized files (Serialized files now loaded: 0)
System memory in use before: 94.9 MB.
System memory in use after: 95.1 MB.

Unloading 12 unused Assets to reduce memory usage. Loaded Objects now: 2586.
Total: 2.355600 ms (FindLiveObjects: 0.297200 ms CreateObjectMapping: 0.099500 ms MarkObjects: 1.938400 ms  DeleteObjects: 0.019400 ms)

========================================================================
Received Prepare
Registering precompiled user dll's ...
Registered in 0.002456 seconds.
Begin MonoManager ReloadAssembly
Native extension for WindowsStandalone target not found
Native extension for WebGL target not found
Refreshing native plugins compatible for Editor in 0.53 ms, found 1 plugins.
Preloading 0 native plugins for Editor in 0.00 ms.
Mono: successfully reloaded assembly
- Completed reload, in  0.862 seconds
Platform modules already initialized, skipping
Refreshing native plugins compatible for Editor in 0.38 ms, found 1 plugins.
Preloading 0 native plugins for Editor in 0.00 ms.
Unloading 2115 Unused Serialized files (Serialized files now loaded: 0)
System memory in use before: 95.0 MB.
System memory in use after: 95.1 MB.

Unloading 12 unused Assets to reduce memory usage. Loaded Objects now: 2590.
Total: 1.705000 ms (FindLiveObjects: 0.191100 ms CreateObjectMapping: 0.073100 ms MarkObjects: 1.427500 ms  DeleteObjects: 0.012600 ms)

========================================================================
Received Prepare
Registering precompiled user dll's ...
Registered in 0.002602 seconds.
Begin MonoManager ReloadAssembly
Native extension for WindowsStandalone target not found
Native extension for WebGL target not found
Refreshing native plugins compatible for Editor in 0.44 ms, found 1 plugins.
Preloading 0 native plugins for Editor in 0.00 ms.
Mono: successfully reloaded assembly
- Completed reload, in  0.848 seconds
Platform modules already initialized, skipping
Refreshing native plugins compatible for Editor in 0.40 ms, found 1 plugins.
Preloading 0 native plugins for Editor in 0.00 ms.
Unloading 2115 Unused Serialized files (Serialized files now loaded: 0)
System memory in use before: 95.0 MB.
System memory in use after: 95.1 MB.

Unloading 12 unused Assets to reduce memory usage. Loaded Objects now: 2594.
Total: 2.650600 ms (FindLiveObjects: 0.189000 ms CreateObjectMapping: 0.085700 ms MarkObjects: 2.359500 ms  DeleteObjects: 0.015800 ms)

========================================================================
Received Prepare
Registering precompiled user dll's ...
Registered in 0.002514 seconds.
Begin MonoManager ReloadAssembly
Native extension for WindowsStandalone target not found
Native extension for WebGL target not found
Refreshing native plugins compatible for Editor in 0.37 ms, found 1 plugins.
Preloading 0 native plugins for Editor in 0.00 ms.
Mono: successfully reloaded assembly
- Completed reload, in  0.812 seconds
Platform modules already initialized, skipping
Refreshing native plugins compatible for Editor in 0.41 ms, found 1 plugins.
Preloading 0 native plugins for Editor in 0.00 ms.
Unloading 2115 Unused Serialized files (Serialized files now loaded: 0)
System memory in use before: 95.0 MB.
System memory in use after: 95.1 MB.

Unloading 12 unused Assets to reduce memory usage. Loaded Objects now: 2598.
Total: 1.757800 ms (FindLiveObjects: 0.241700 ms CreateObjectMapping: 0.132900 ms MarkObjects: 1.369000 ms  DeleteObjects: 0.013300 ms)

========================================================================
Received Prepare
Registering precompiled user dll's ...
Registered in 0.003534 seconds.
Begin MonoManager ReloadAssembly
Native extension for WindowsStandalone target not found
Native extension for WebGL target not found
Refreshing native plugins compatible for Editor in 0.39 ms, found 1 plugins.
Preloading 0 native plugins for Editor in 0.00 ms.
Mono: successfully reloaded assembly
- Completed reload, in  0.844 seconds
Platform modules already initialized, skipping
Refreshing native plugins compatible for Editor in 0.41 ms, found 1 plugins.
Preloading 0 native plugins for Editor in 0.00 ms.
Unloading 2115 Unused Serialized files (Serialized files now loaded: 0)
System memory in use before: 95.0 MB.
System memory in use after: 95.2 MB.

Unloading 12 unused Assets to reduce memory usage. Loaded Objects now: 2602.
Total: 2.830900 ms (FindLiveObjects: 0.194600 ms CreateObjectMapping: 0.083800 ms MarkObjects: 2.534000 ms  DeleteObjects: 0.017600 ms)

========================================================================
Received Import Request.
  Time since last request: 2761.308988 seconds.
  path: Assets/Resources/Prefabs/RoomPlayer.prefab
  artifactKey: Guid(d60e5997e1fed594fadbd0c1285e583f) Importer(815301076,1909f56bfc062723c751e8b465ee728b)
Start importing Assets/Resources/Prefabs/RoomPlayer.prefab using Guid(d60e5997e1fed594fadbd0c1285e583f) Importer(815301076,1909f56bfc062723c751e8b465ee728b)  -> (artifact id: '6b546cde55037ea4bffbe166632d71cf') in 0.211105 seconds
  Import took 0.215464 seconds .

========================================================================
Received Import Request.
  Time since last request: 29.232951 seconds.
  path: Assets/Resources/Prefabs/RoomPlayer.prefab
  artifactKey: Guid(d60e5997e1fed594fadbd0c1285e583f) Importer(815301076,1909f56bfc062723c751e8b465ee728b)
Start importing Assets/Resources/Prefabs/RoomPlayer.prefab using Guid(d60e5997e1fed594fadbd0c1285e583f) Importer(815301076,1909f56bfc062723c751e8b465ee728b)  -> (artifact id: '20b17637eeaf55c92d2832b52f8f8b39') in 0.011756 seconds
  Import took 0.014988 seconds .

========================================================================
Received Import Request.
  Time since last request: 9.511448 seconds.
  path: Assets/Resources/Prefabs/RoomPlayer.prefab
  artifactKey: Guid(d60e5997e1fed594fadbd0c1285e583f) Importer(815301076,1909f56bfc062723c751e8b465ee728b)
Start importing Assets/Resources/Prefabs/RoomPlayer.prefab using Guid(d60e5997e1fed594fadbd0c1285e583f) Importer(815301076,1909f56bfc062723c751e8b465ee728b)  -> (artifact id: '0866703be4545f4c2510a6282fe1323e') in 0.006124 seconds
  Import took 0.068552 seconds .

========================================================================
Received Import Request.
  Time since last request: 4.285066 seconds.
  path: Assets/Resources/Prefabs/RoomPlayer.prefab
  artifactKey: Guid(d60e5997e1fed594fadbd0c1285e583f) Importer(815301076,1909f56bfc062723c751e8b465ee728b)
Start importing Assets/Resources/Prefabs/RoomPlayer.prefab using Guid(d60e5997e1fed594fadbd0c1285e583f) Importer(815301076,1909f56bfc062723c751e8b465ee728b)  -> (artifact id: '698499f124447d371cfe688f436e4129') in 0.006986 seconds
  Import took 0.009987 seconds .

========================================================================
Received Import Request.
  Time since last request: 5.001156 seconds.
  path: Assets/Resources/Prefabs/RoomPlayer.prefab
  artifactKey: Guid(d60e5997e1fed594fadbd0c1285e583f) Importer(815301076,1909f56bfc062723c751e8b465ee728b)
Start importing Assets/Resources/Prefabs/RoomPlayer.prefab using Guid(d60e5997e1fed594fadbd0c1285e583f) Importer(815301076,1909f56bfc062723c751e8b465ee728b)  -> (artifact id: 'e8dfe9a7811d8a58a725a7357c4bcdfa') in 0.006830 seconds
  Import took 0.010267 seconds .

========================================================================
Received Import Request.
  Time since last request: 6.223461 seconds.
  path: Assets/Resources/Prefabs/RoomPlayer.prefab
  artifactKey: Guid(d60e5997e1fed594fadbd0c1285e583f) Importer(815301076,1909f56bfc062723c751e8b465ee728b)
Start importing Assets/Resources/Prefabs/RoomPlayer.prefab using Guid(d60e5997e1fed594fadbd0c1285e583f) Importer(815301076,1909f56bfc062723c751e8b465ee728b)  -> (artifact id: '1894cc664b8e32adb3365d16a432a555') in 0.006500 seconds
  Import took 0.010024 seconds .

========================================================================
Received Import Request.
  Time since last request: 6.953640 seconds.
  path: Assets/Resources/Prefabs/RoomPlayer.prefab
  artifactKey: Guid(d60e5997e1fed594fadbd0c1285e583f) Importer(815301076,1909f56bfc062723c751e8b465ee728b)
Start importing Assets/Resources/Prefabs/RoomPlayer.prefab using Guid(d60e5997e1fed594fadbd0c1285e583f) Importer(815301076,1909f56bfc062723c751e8b465ee728b)  -> (artifact id: '3b0407dd465af6fec503a39f419b2d60') in 0.006569 seconds
  Import took 0.009700 seconds .

========================================================================
Received Import Request.
  Time since last request: 5.962801 seconds.
  path: Assets/Resources/Prefabs/RoomPlayer.prefab
  artifactKey: Guid(d60e5997e1fed594fadbd0c1285e583f) Importer(815301076,1909f56bfc062723c751e8b465ee728b)
Start importing Assets/Resources/Prefabs/RoomPlayer.prefab using Guid(d60e5997e1fed594fadbd0c1285e583f) Importer(815301076,1909f56bfc062723c751e8b465ee728b)  -> (artifact id: 'e5dca5f102e5198873242784207701f5') in 0.006657 seconds
  Import took 0.011244 seconds .

========================================================================
Received Import Request.
  Time since last request: 10.679787 seconds.
  path: Assets/Resources/Prefabs/RoomPlayer.prefab
  artifactKey: Guid(d60e5997e1fed594fadbd0c1285e583f) Importer(815301076,1909f56bfc062723c751e8b465ee728b)
Start importing Assets/Resources/Prefabs/RoomPlayer.prefab using Guid(d60e5997e1fed594fadbd0c1285e583f) Importer(815301076,1909f56bfc062723c751e8b465ee728b)  -> (artifact id: 'b682b57f1c49b581c748b16b4a6dccd2') in 0.006739 seconds
  Import took 0.010007 seconds .

========================================================================
Received Import Request.
  Time since last request: 3.387369 seconds.
  path: Assets/Resources/Prefabs/RoomPlayer.prefab
  artifactKey: Guid(d60e5997e1fed594fadbd0c1285e583f) Importer(815301076,1909f56bfc062723c751e8b465ee728b)
Start importing Assets/Resources/Prefabs/RoomPlayer.prefab using Guid(d60e5997e1fed594fadbd0c1285e583f) Importer(815301076,1909f56bfc062723c751e8b465ee728b)  -> (artifact id: 'e5e99700ba1e47ca0a3b2432075148f2') in 0.006259 seconds
  Import took 0.009554 seconds .

========================================================================
Received Import Request.
  Time since last request: 1.655929 seconds.
  path: Assets/Resources/Prefabs/RoomPlayer.prefab
  artifactKey: Guid(d60e5997e1fed594fadbd0c1285e583f) Importer(815301076,1909f56bfc062723c751e8b465ee728b)
Start importing Assets/Resources/Prefabs/RoomPlayer.prefab using Guid(d60e5997e1fed594fadbd0c1285e583f) Importer(815301076,1909f56bfc062723c751e8b465ee728b)  -> (artifact id: 'c05eb24066526be0865d4fc761e1d4cd') in 0.006342 seconds
  Import took 0.009429 seconds .

========================================================================
Received Import Request.
  Time since last request: 3.890139 seconds.
  path: Assets/Resources/Prefabs/RoomPlayer.prefab
  artifactKey: Guid(d60e5997e1fed594fadbd0c1285e583f) Importer(815301076,1909f56bfc062723c751e8b465ee728b)
Start importing Assets/Resources/Prefabs/RoomPlayer.prefab using Guid(d60e5997e1fed594fadbd0c1285e583f) Importer(815301076,1909f56bfc062723c751e8b465ee728b)  -> (artifact id: 'edbc6738583691399c2b67db3e0de446') in 0.005794 seconds
  Import took 0.009477 seconds .

========================================================================
Received Import Request.
  Time since last request: 2.606518 seconds.
  path: Assets/Resources/Prefabs/RoomPlayer.prefab
  artifactKey: Guid(d60e5997e1fed594fadbd0c1285e583f) Importer(815301076,1909f56bfc062723c751e8b465ee728b)
Start importing Assets/Resources/Prefabs/RoomPlayer.prefab using Guid(d60e5997e1fed594fadbd0c1285e583f) Importer(815301076,1909f56bfc062723c751e8b465ee728b)  -> (artifact id: 'd7cfca251842cdf8bc98e447264b86a4') in 0.006623 seconds
  Import took 0.009674 seconds .

========================================================================
Received Import Request.
  Time since last request: 1.801695 seconds.
  path: Assets/Resources/Prefabs/RoomPlayer.prefab
  artifactKey: Guid(d60e5997e1fed594fadbd0c1285e583f) Importer(815301076,1909f56bfc062723c751e8b465ee728b)
Start importing Assets/Resources/Prefabs/RoomPlayer.prefab using Guid(d60e5997e1fed594fadbd0c1285e583f) Importer(815301076,1909f56bfc062723c751e8b465ee728b)  -> (artifact id: '25d478015681be82495c380d6efe1aff') in 0.006557 seconds
  Import took 0.009717 seconds .

========================================================================
Received Import Request.
  Time since last request: 5.104278 seconds.
  path: Assets/Resources/Prefabs/RoomPlayer.prefab
  artifactKey: Guid(d60e5997e1fed594fadbd0c1285e583f) Importer(815301076,1909f56bfc062723c751e8b465ee728b)
Start importing Assets/Resources/Prefabs/RoomPlayer.prefab using Guid(d60e5997e1fed594fadbd0c1285e583f) Importer(815301076,1909f56bfc062723c751e8b465ee728b)  -> (artifact id: '9ae7157158c88b890f3c8fe44cd16fff') in 0.006273 seconds
  Import took 0.010510 seconds .

========================================================================
Received Import Request.
  Time since last request: 2.278837 seconds.
  path: Assets/Resources/Prefabs/RoomPlayer.prefab
  artifactKey: Guid(d60e5997e1fed594fadbd0c1285e583f) Importer(815301076,1909f56bfc062723c751e8b465ee728b)
Start importing Assets/Resources/Prefabs/RoomPlayer.prefab using Guid(d60e5997e1fed594fadbd0c1285e583f) Importer(815301076,1909f56bfc062723c751e8b465ee728b)  -> (artifact id: '1d59f9a972dc0d3bca8762cb469b4f03') in 0.006216 seconds
  Import took 0.009378 seconds .

========================================================================
Received Import Request.
  Time since last request: 5.091435 seconds.
  path: Assets/Resources/Prefabs/RoomPlayer.prefab
  artifactKey: Guid(d60e5997e1fed594fadbd0c1285e583f) Importer(815301076,1909f56bfc062723c751e8b465ee728b)
Start importing Assets/Resources/Prefabs/RoomPlayer.prefab using Guid(d60e5997e1fed594fadbd0c1285e583f) Importer(815301076,1909f56bfc062723c751e8b465ee728b)  -> (artifact id: '8f14ab3c7039860940dc22f328105634') in 0.007413 seconds
  Import took 0.010808 seconds .

========================================================================
Received Import Request.
  Time since last request: 3.835048 seconds.
  path: Assets/Resources/Prefabs/RoomPlayer.prefab
  artifactKey: Guid(d60e5997e1fed594fadbd0c1285e583f) Importer(815301076,1909f56bfc062723c751e8b465ee728b)
Start importing Assets/Resources/Prefabs/RoomPlayer.prefab using Guid(d60e5997e1fed594fadbd0c1285e583f) Importer(815301076,1909f56bfc062723c751e8b465ee728b)  -> (artifact id: '1ffb9e976ae6a7ebb15fb1802bdc66f1') in 0.005530 seconds
  Import took 0.009830 seconds .

========================================================================
Received Prepare
Registering precompiled user dll's ...
Registered in 0.002530 seconds.
Begin MonoManager ReloadAssembly
Native extension for WindowsStandalone target not found
Native extension for WebGL target not found
Refreshing native plugins compatible for Editor in 0.38 ms, found 1 plugins.
Preloading 0 native plugins for Editor in 0.00 ms.
Mono: successfully reloaded assembly
- Completed reload, in  0.849 seconds
Platform modules already initialized, skipping
Refreshing native plugins compatible for Editor in 0.40 ms, found 1 plugins.
Preloading 0 native plugins for Editor in 0.00 ms.
Unloading 2115 Unused Serialized files (Serialized files now loaded: 0)
System memory in use before: 95.2 MB.
System memory in use after: 95.3 MB.

Unloading 13 unused Assets to reduce memory usage. Loaded Objects now: 2608.
Total: 2.760500 ms (FindLiveObjects: 0.439000 ms CreateObjectMapping: 0.348900 ms MarkObjects: 1.943800 ms  DeleteObjects: 0.027100 ms)

========================================================================
Received Import Request.
  Time since last request: 71.450815 seconds.
  path: Assets/Resources/Prefabs/RoomPlayer.prefab
  artifactKey: Guid(d60e5997e1fed594fadbd0c1285e583f) Importer(815301076,1909f56bfc062723c751e8b465ee728b)
Start importing Assets/Resources/Prefabs/RoomPlayer.prefab using Guid(d60e5997e1fed594fadbd0c1285e583f) Importer(815301076,1909f56bfc062723c751e8b465ee728b)  -> (artifact id: '00bd31536e195dcd684d1a6001f4d405') in 0.045819 seconds
  Import took 0.048777 seconds .

========================================================================
Received Import Request.
  Time since last request: 0.542635 seconds.
  path: Assets/Resources/Prefabs/RoomPlayer.prefab
  artifactKey: Guid(d60e5997e1fed594fadbd0c1285e583f) Importer(815301076,1909f56bfc062723c751e8b465ee728b)
Start importing Assets/Resources/Prefabs/RoomPlayer.prefab using Guid(d60e5997e1fed594fadbd0c1285e583f) Importer(815301076,1909f56bfc062723c751e8b465ee728b)  -> (artifact id: 'e02298db7025e3b41291f5c704a33230') in 0.005955 seconds
  Import took 0.009627 seconds .

========================================================================
Received Import Request.
  Time since last request: 7.360272 seconds.
  path: Assets/Resources/Prefabs/RoomPlayer.prefab
  artifactKey: Guid(d60e5997e1fed594fadbd0c1285e583f) Importer(815301076,1909f56bfc062723c751e8b465ee728b)
Start importing Assets/Resources/Prefabs/RoomPlayer.prefab using Guid(d60e5997e1fed594fadbd0c1285e583f) Importer(815301076,1909f56bfc062723c751e8b465ee728b)  -> (artifact id: 'b9abc73108e653afe4b2c029e5d5facc') in 0.006935 seconds
  Import took 0.010271 seconds .

========================================================================
Received Import Request.
  Time since last request: 6.386851 seconds.
  path: Assets/Resources/Prefabs/RoomPlayer.prefab
  artifactKey: Guid(d60e5997e1fed594fadbd0c1285e583f) Importer(815301076,1909f56bfc062723c751e8b465ee728b)
Start importing Assets/Resources/Prefabs/RoomPlayer.prefab using Guid(d60e5997e1fed594fadbd0c1285e583f) Importer(815301076,1909f56bfc062723c751e8b465ee728b)  -> (artifact id: '334db2c5b09aea74fb62c1472633d399') in 0.006234 seconds
  Import took 0.059011 seconds .

========================================================================
Received Import Request.
  Time since last request: 78.071844 seconds.
  path: Assets/Resources/Prefabs/RoomPlayer.prefab
  artifactKey: Guid(d60e5997e1fed594fadbd0c1285e583f) Importer(815301076,1909f56bfc062723c751e8b465ee728b)
Start importing Assets/Resources/Prefabs/RoomPlayer.prefab using Guid(d60e5997e1fed594fadbd0c1285e583f) Importer(815301076,1909f56bfc062723c751e8b465ee728b)  -> (artifact id: '426f511ff1ac1e222405bfa4110df7c6') in 0.006254 seconds
  Import took 0.009254 seconds .

========================================================================
Received Import Request.
  Time since last request: 15.435195 seconds.
  path: Assets/Resources/Prefabs/RoomPlayer.prefab
  artifactKey: Guid(d60e5997e1fed594fadbd0c1285e583f) Importer(815301076,1909f56bfc062723c751e8b465ee728b)
Start importing Assets/Resources/Prefabs/RoomPlayer.prefab using Guid(d60e5997e1fed594fadbd0c1285e583f) Importer(815301076,1909f56bfc062723c751e8b465ee728b)  -> (artifact id: '63140e3987bd00a9bcbb7f9cae95e6d1') in 0.006539 seconds
  Import took 0.009514 seconds .

========================================================================
Received Import Request.
  Time since last request: 12.343446 seconds.
  path: Assets/Resources/Prefabs/RoomPlayer.prefab
  artifactKey: Guid(d60e5997e1fed594fadbd0c1285e583f) Importer(815301076,1909f56bfc062723c751e8b465ee728b)
Start importing Assets/Resources/Prefabs/RoomPlayer.prefab using Guid(d60e5997e1fed594fadbd0c1285e583f) Importer(815301076,1909f56bfc062723c751e8b465ee728b)  -> (artifact id: '76a434c3eab9c53ba337959d2b22a20e') in 0.007552 seconds
  Import took 0.010541 seconds .

========================================================================
Received Import Request.
  Time since last request: 3.864731 seconds.
  path: Assets/Resources/Prefabs/RoomPlayer.prefab
  artifactKey: Guid(d60e5997e1fed594fadbd0c1285e583f) Importer(815301076,1909f56bfc062723c751e8b465ee728b)
Start importing Assets/Resources/Prefabs/RoomPlayer.prefab using Guid(d60e5997e1fed594fadbd0c1285e583f) Importer(815301076,1909f56bfc062723c751e8b465ee728b)  -> (artifact id: '4d2b352e573772d682156c99ed218a65') in 0.006927 seconds
  Import took 0.010102 seconds .

========================================================================
Received Import Request.
  Time since last request: 13.581316 seconds.
  path: Assets/Resources/Prefabs/RoomPlayer.prefab
  artifactKey: Guid(d60e5997e1fed594fadbd0c1285e583f) Importer(815301076,1909f56bfc062723c751e8b465ee728b)
Start importing Assets/Resources/Prefabs/RoomPlayer.prefab using Guid(d60e5997e1fed594fadbd0c1285e583f) Importer(815301076,1909f56bfc062723c751e8b465ee728b)  -> (artifact id: '194bf2d662f88df512b7309d276215d3') in 0.005784 seconds
  Import took 0.008837 seconds .

========================================================================
Received Import Request.
  Time since last request: 3.512790 seconds.
  path: Assets/Resources/Prefabs/RoomPlayer.prefab
  artifactKey: Guid(d60e5997e1fed594fadbd0c1285e583f) Importer(815301076,1909f56bfc062723c751e8b465ee728b)
Start importing Assets/Resources/Prefabs/RoomPlayer.prefab using Guid(d60e5997e1fed594fadbd0c1285e583f) Importer(815301076,1909f56bfc062723c751e8b465ee728b)  -> (artifact id: '19a1abc3061b43f90496587b34ca9568') in 0.006496 seconds
  Import took 0.010183 seconds .

========================================================================
Received Import Request.
  Time since last request: 1.716467 seconds.
  path: Assets/Resources/Prefabs/RoomPlayer.prefab
  artifactKey: Guid(d60e5997e1fed594fadbd0c1285e583f) Importer(815301076,1909f56bfc062723c751e8b465ee728b)
Start importing Assets/Resources/Prefabs/RoomPlayer.prefab using Guid(d60e5997e1fed594fadbd0c1285e583f) Importer(815301076,1909f56bfc062723c751e8b465ee728b)  -> (artifact id: 'bc35b94be9c35d5826b88ef9c9e2d36b') in 0.006080 seconds
  Import took 0.009517 seconds .

========================================================================
Received Import Request.
  Time since last request: 5.958042 seconds.
  path: Assets/Resources/Prefabs/RoomPlayer.prefab
  artifactKey: Guid(d60e5997e1fed594fadbd0c1285e583f) Importer(815301076,1909f56bfc062723c751e8b465ee728b)
Start importing Assets/Resources/Prefabs/RoomPlayer.prefab using Guid(d60e5997e1fed594fadbd0c1285e583f) Importer(815301076,1909f56bfc062723c751e8b465ee728b)  -> (artifact id: '186bb58647fc312bab830e853de95ba7') in 0.006447 seconds
  Import took 0.009819 seconds .

========================================================================
Received Import Request.
  Time since last request: 3.534237 seconds.
  path: Assets/Resources/Prefabs/RoomPlayer.prefab
  artifactKey: Guid(d60e5997e1fed594fadbd0c1285e583f) Importer(815301076,1909f56bfc062723c751e8b465ee728b)
Start importing Assets/Resources/Prefabs/RoomPlayer.prefab using Guid(d60e5997e1fed594fadbd0c1285e583f) Importer(815301076,1909f56bfc062723c751e8b465ee728b)  -> (artifact id: 'a16f6c4ec049e42d6a195f2c99ec2355') in 0.006323 seconds
  Import took 0.009590 seconds .

========================================================================
Received Import Request.
  Time since last request: 2.411084 seconds.
  path: Assets/Resources/Prefabs/RoomPlayer.prefab
  artifactKey: Guid(d60e5997e1fed594fadbd0c1285e583f) Importer(815301076,1909f56bfc062723c751e8b465ee728b)
Start importing Assets/Resources/Prefabs/RoomPlayer.prefab using Guid(d60e5997e1fed594fadbd0c1285e583f) Importer(815301076,1909f56bfc062723c751e8b465ee728b)  -> (artifact id: '9d2161b309812f10e5cd21e7b348b1ec') in 0.006930 seconds
  Import took 0.010514 seconds .

========================================================================
Received Import Request.
  Time since last request: 0.602326 seconds.
  path: Assets/Resources/Prefabs/RoomPlayer.prefab
  artifactKey: Guid(d60e5997e1fed594fadbd0c1285e583f) Importer(815301076,1909f56bfc062723c751e8b465ee728b)
Start importing Assets/Resources/Prefabs/RoomPlayer.prefab using Guid(d60e5997e1fed594fadbd0c1285e583f) Importer(815301076,1909f56bfc062723c751e8b465ee728b)  -> (artifact id: 'd39c31beb631a8f59f3d32804a1cd1f8') in 0.005822 seconds
  Import took 0.009919 seconds .

========================================================================
Received Import Request.
  Time since last request: 10.327041 seconds.
  path: Assets/Resources/Prefabs/RoomPlayer.prefab
  artifactKey: Guid(d60e5997e1fed594fadbd0c1285e583f) Importer(815301076,1909f56bfc062723c751e8b465ee728b)
Start importing Assets/Resources/Prefabs/RoomPlayer.prefab using Guid(d60e5997e1fed594fadbd0c1285e583f) Importer(815301076,1909f56bfc062723c751e8b465ee728b)  -> (artifact id: '92b8a5b19551178575240eafee4f9281') in 0.005681 seconds
  Import took 0.316120 seconds .

========================================================================
Received Import Request.
  Time since last request: 15.434034 seconds.
  path: Assets/Resources/Prefabs/RoomPlayer.prefab
  artifactKey: Guid(d60e5997e1fed594fadbd0c1285e583f) Importer(815301076,1909f56bfc062723c751e8b465ee728b)
Start importing Assets/Resources/Prefabs/RoomPlayer.prefab using Guid(d60e5997e1fed594fadbd0c1285e583f) Importer(815301076,1909f56bfc062723c751e8b465ee728b)  -> (artifact id: '7040e0fa40953e00b3989a0917f69c57') in 0.006233 seconds
  Import took 0.095646 seconds .

========================================================================
Received Import Request.
  Time since last request: 4.338516 seconds.
  path: Assets/Resources/Prefabs/RoomPlayer.prefab
  artifactKey: Guid(d60e5997e1fed594fadbd0c1285e583f) Importer(815301076,1909f56bfc062723c751e8b465ee728b)
Start importing Assets/Resources/Prefabs/RoomPlayer.prefab using Guid(d60e5997e1fed594fadbd0c1285e583f) Importer(815301076,1909f56bfc062723c751e8b465ee728b)  -> (artifact id: 'edf2bbc485c7274f25e8dcda70d296bf') in 0.005868 seconds
  Import took 0.009040 seconds .

========================================================================
Received Import Request.
  Time since last request: 3.881925 seconds.
  path: Assets/Resources/Prefabs/RoomPlayer.prefab
  artifactKey: Guid(d60e5997e1fed594fadbd0c1285e583f) Importer(815301076,1909f56bfc062723c751e8b465ee728b)
Start importing Assets/Resources/Prefabs/RoomPlayer.prefab using Guid(d60e5997e1fed594fadbd0c1285e583f) Importer(815301076,1909f56bfc062723c751e8b465ee728b)  -> (artifact id: '870d5e6a5fe21a35828368ed1fe19e7b') in 0.007098 seconds
  Import took 0.010078 seconds .

========================================================================
Received Prepare
Registering precompiled user dll's ...
Registered in 0.004129 seconds.
Begin MonoManager ReloadAssembly
Native extension for WindowsStandalone target not found
Native extension for WebGL target not found
Refreshing native plugins compatible for Editor in 0.37 ms, found 1 plugins.
Preloading 0 native plugins for Editor in 0.00 ms.
Mono: successfully reloaded assembly
- Completed reload, in  0.837 seconds
Platform modules already initialized, skipping
Refreshing native plugins compatible for Editor in 0.39 ms, found 1 plugins.
Preloading 0 native plugins for Editor in 0.00 ms.
Unloading 2115 Unused Serialized files (Serialized files now loaded: 0)
System memory in use before: 95.2 MB.
System memory in use after: 95.3 MB.

Unloading 13 unused Assets to reduce memory usage. Loaded Objects now: 2612.
Total: 2.059700 ms (FindLiveObjects: 0.209000 ms CreateObjectMapping: 0.088900 ms MarkObjects: 1.739100 ms  DeleteObjects: 0.021700 ms)

========================================================================
Received Import Request.
  Time since last request: 288.988974 seconds.
  path: Assets/Resources/Prefabs/RoomPlayer.prefab
  artifactKey: Guid(d60e5997e1fed594fadbd0c1285e583f) Importer(815301076,1909f56bfc062723c751e8b465ee728b)
Start importing Assets/Resources/Prefabs/RoomPlayer.prefab using Guid(d60e5997e1fed594fadbd0c1285e583f) Importer(815301076,1909f56bfc062723c751e8b465ee728b)  -> (artifact id: 'a43b9d6e4ebe8410b02384ce7510909e') in 0.046871 seconds
  Import took 0.050020 seconds .

========================================================================
Received Import Request.
  Time since last request: 3.190802 seconds.
  path: Assets/Resources/Prefabs/RoomPlayer.prefab
  artifactKey: Guid(d60e5997e1fed594fadbd0c1285e583f) Importer(815301076,1909f56bfc062723c751e8b465ee728b)
Start importing Assets/Resources/Prefabs/RoomPlayer.prefab using Guid(d60e5997e1fed594fadbd0c1285e583f) Importer(815301076,1909f56bfc062723c751e8b465ee728b)  -> (artifact id: '6ddb96a12b00a004be5fdbfb2fb155f2') in 0.007634 seconds
  Import took 0.011975 seconds .

========================================================================
Received Prepare
Registering precompiled user dll's ...
Registered in 0.003831 seconds.
Begin MonoManager ReloadAssembly
Native extension for WindowsStandalone target not found
Native extension for WebGL target not found
Refreshing native plugins compatible for Editor in 0.83 ms, found 1 plugins.
Preloading 0 native plugins for Editor in 0.00 ms.
Mono: successfully reloaded assembly
- Completed reload, in  1.351 seconds
Platform modules already initialized, skipping
Refreshing native plugins compatible for Editor in 1.13 ms, found 1 plugins.
Preloading 0 native plugins for Editor in 0.00 ms.
Unloading 2115 Unused Serialized files (Serialized files now loaded: 0)
System memory in use before: 95.2 MB.
System memory in use after: 95.3 MB.

Unloading 13 unused Assets to reduce memory usage. Loaded Objects now: 2616.
Total: 1.786300 ms (FindLiveObjects: 0.194200 ms CreateObjectMapping: 0.072700 ms MarkObjects: 1.498200 ms  DeleteObjects: 0.020000 ms)

========================================================================
Received Prepare
Registering precompiled user dll's ...
Registered in 0.002759 seconds.
Begin MonoManager ReloadAssembly
Native extension for WindowsStandalone target not found
Native extension for WebGL target not found
Refreshing native plugins compatible for Editor in 0.39 ms, found 1 plugins.
Preloading 0 native plugins for Editor in 0.00 ms.
Mono: successfully reloaded assembly
- Completed reload, in  0.819 seconds
Platform modules already initialized, skipping
Refreshing native plugins compatible for Editor in 0.38 ms, found 1 plugins.
Preloading 0 native plugins for Editor in 0.00 ms.
Unloading 2115 Unused Serialized files (Serialized files now loaded: 0)
System memory in use before: 95.2 MB.
System memory in use after: 95.3 MB.

Unloading 12 unused Assets to reduce memory usage. Loaded Objects now: 2620.
Total: 1.719200 ms (FindLiveObjects: 0.266100 ms CreateObjectMapping: 0.087700 ms MarkObjects: 1.351500 ms  DeleteObjects: 0.013100 ms)

========================================================================
Received Prepare
Registering precompiled user dll's ...
Registered in 0.003362 seconds.
Begin MonoManager ReloadAssembly
Native extension for WindowsStandalone target not found
Native extension for WebGL target not found
Refreshing native plugins compatible for Editor in 0.68 ms, found 1 plugins.
Preloading 0 native plugins for Editor in 0.00 ms.
Mono: successfully reloaded assembly
- Completed reload, in  1.030 seconds
Platform modules already initialized, skipping
Refreshing native plugins compatible for Editor in 0.45 ms, found 1 plugins.
Preloading 0 native plugins for Editor in 0.00 ms.
Unloading 2115 Unused Serialized files (Serialized files now loaded: 0)
System memory in use before: 95.2 MB.
System memory in use after: 95.3 MB.

Unloading 12 unused Assets to reduce memory usage. Loaded Objects now: 2624.
Total: 2.536700 ms (FindLiveObjects: 0.319700 ms CreateObjectMapping: 0.143200 ms MarkObjects: 2.050900 ms  DeleteObjects: 0.021300 ms)

========================================================================
Received Prepare
Registering precompiled user dll's ...
Registered in 0.003242 seconds.
Begin MonoManager ReloadAssembly
Native extension for WindowsStandalone target not found
Native extension for WebGL target not found
Refreshing native plugins compatible for Editor in 0.42 ms, found 1 plugins.
Preloading 0 native plugins for Editor in 0.00 ms.
Mono: successfully reloaded assembly
- Completed reload, in  0.808 seconds
Platform modules already initialized, skipping
Refreshing native plugins compatible for Editor in 0.37 ms, found 1 plugins.
Preloading 0 native plugins for Editor in 0.00 ms.
Unloading 2115 Unused Serialized files (Serialized files now loaded: 0)
System memory in use before: 95.2 MB.
System memory in use after: 95.3 MB.

Unloading 12 unused Assets to reduce memory usage. Loaded Objects now: 2628.
Total: 1.680800 ms (FindLiveObjects: 0.178600 ms CreateObjectMapping: 0.075400 ms MarkObjects: 1.411000 ms  DeleteObjects: 0.015100 ms)

========================================================================
Received Prepare
Registering precompiled user dll's ...
Registered in 0.003309 seconds.
Begin MonoManager ReloadAssembly
Native extension for WindowsStandalone target not found
Native extension for WebGL target not found
Refreshing native plugins compatible for Editor in 0.42 ms, found 1 plugins.
Preloading 0 native plugins for Editor in 0.00 ms.
Mono: successfully reloaded assembly
- Completed reload, in  0.856 seconds
Platform modules already initialized, skipping
Refreshing native plugins compatible for Editor in 0.41 ms, found 1 plugins.
Preloading 0 native plugins for Editor in 0.00 ms.
Unloading 2115 Unused Serialized files (Serialized files now loaded: 0)
System memory in use before: 95.2 MB.
System memory in use after: 95.3 MB.

Unloading 12 unused Assets to reduce memory usage. Loaded Objects now: 2632.
Total: 1.785800 ms (FindLiveObjects: 0.207500 ms CreateObjectMapping: 0.086500 ms MarkObjects: 1.476700 ms  DeleteObjects: 0.014300 ms)

========================================================================
Received Prepare
Refreshing native plugins compatible for Editor in 2.54 ms, found 1 plugins.
Preloading 0 native plugins for Editor in 0.00 ms.
Unloading 10 Unused Serialized files (Serialized files now loaded: 0)
System memory in use before: 53.2 MB.
System memory in use after: 53.4 MB.

Unloading 10 unused Assets to reduce memory usage. Loaded Objects now: 2632.
Total: 2.507000 ms (FindLiveObjects: 0.227700 ms CreateObjectMapping: 0.215000 ms MarkObjects: 2.046000 ms  DeleteObjects: 0.016500 ms)

AssetImportWorkerClient::OnTransportError - code=2 error=End of file
