Using pre-set license
Built from '2020.3/staging' branch; Version is '2020.3.5f1 (8095aa901b9b) revision 8426922'; Using compiler version '192528614'; Build Type 'Release'
OS: 'Windows 10 Home; OS build 19044.1586; Version 2009; 64bit' Language: 'es' Physical Memory: 16204 MB
BatchMode: 1, IsHumanControllingUs: 0, StartBugReporterOnCrash: 0, Is64bit: 1, IsPro: 0

 COMMAND LINE ARGUMENTS:
C:\Program Files\Unity\Hub\Editor\2020.3.5f1\Editor\Unity.exe
-adb2
-batchMode
-noUpm
-name
AssetImportWorker1
-projectPath
D:/Documentos/Mi Unity/Proyecto de Grado
-logFile
Logs/AssetImportWorker1.log
-srvPort
63822
Successfully changed project path to: D:/Documentos/Mi Unity/Proyecto de Grado
D:/Documentos/Mi Unity/Proyecto de Grado
Using Asset Import Pipeline V2.
Refreshing native plugins compatible for Editor in 36.76 ms, found 1 plugins.
Preloading 0 native plugins for Editor in 0.00 ms.
Initialize engine version: 2020.3.5f1 (8095aa901b9b)
[Subsystems] Discovering subsystems at path C:/Program Files/Unity/Hub/Editor/2020.3.5f1/Editor/Data/Resources/UnitySubsystems
[Subsystems] Discovering subsystems at path D:/Documentos/Mi Unity/Proyecto de Grado/Assets
GfxDevice: creating device client; threaded=0
Direct3D:
    Version:  Direct3D 11.0 [level 11.1]
    Renderer: NVIDIA GeForce RTX 2070 (ID=0x1f14)
    Vendor:   
    VRAM:     8031 MB
    Driver:   30.0.15.1123
Initialize mono
Mono path[0] = 'C:/Program Files/Unity/Hub/Editor/2020.3.5f1/Editor/Data/Managed'
Mono path[1] = 'C:/Program Files/Unity/Hub/Editor/2020.3.5f1/Editor/Data/MonoBleedingEdge/lib/mono/unityjit'
Mono config path = 'C:/Program Files/Unity/Hub/Editor/2020.3.5f1/Editor/Data/MonoBleedingEdge/etc'
Using monoOptions --debugger-agent=transport=dt_socket,embedding=1,server=y,suspend=n,address=127.0.0.1:56252
Begin MonoManager ReloadAssembly
Registering precompiled unity dll's ...
Register platform support module: C:/Program Files/Unity/Hub/Editor/2020.3.5f1/Editor/Data/PlaybackEngines/WebGLSupport/UnityEditor.WebGL.Extensions.dll
Register platform support module: C:/Program Files/Unity/Hub/Editor/2020.3.5f1/Editor/Data/PlaybackEngines/WindowsStandaloneSupport/UnityEditor.WindowsStandalone.Extensions.dll
Registered in 0.002733 seconds.
Native extension for WindowsStandalone target not found
Native extension for WebGL target not found
Refreshing native plugins compatible for Editor in 42.49 ms, found 1 plugins.
Preloading 0 native plugins for Editor in 0.00 ms.
Mono: successfully reloaded assembly
- Completed reload, in  2.480 seconds
Platform modules already initialized, skipping
Registering precompiled user dll's ...
Registered in 0.002465 seconds.
Begin MonoManager ReloadAssembly
Native extension for WindowsStandalone target not found
Native extension for WebGL target not found
Refreshing native plugins compatible for Editor in 38.05 ms, found 1 plugins.
Preloading 0 native plugins for Editor in 0.00 ms.
Mono: successfully reloaded assembly
- Completed reload, in  0.958 seconds
Platform modules already initialized, skipping
========================================================================
Worker process is ready to serve import requests
Launched and connected shader compiler UnityShaderCompiler.exe after 0.05 seconds
Refreshing native plugins compatible for Editor in 0.39 ms, found 1 plugins.
Preloading 0 native plugins for Editor in 0.00 ms.
Unloading 2138 Unused Serialized files (Serialized files now loaded: 0)
System memory in use before: 96.8 MB.
System memory in use after: 96.9 MB.

Unloading 24 unused Assets to reduce memory usage. Loaded Objects now: 2582.
Total: 2.185700 ms (FindLiveObjects: 0.239600 ms CreateObjectMapping: 0.109100 ms MarkObjects: 1.758900 ms  DeleteObjects: 0.076500 ms)

========================================================================
Received Prepare
Registering precompiled user dll's ...
Registered in 0.002499 seconds.
Begin MonoManager ReloadAssembly
Native extension for WindowsStandalone target not found
Native extension for WebGL target not found
Refreshing native plugins compatible for Editor in 0.61 ms, found 1 plugins.
Preloading 0 native plugins for Editor in 0.00 ms.
Mono: successfully reloaded assembly
- Completed reload, in  0.865 seconds
Platform modules already initialized, skipping
Refreshing native plugins compatible for Editor in 0.37 ms, found 1 plugins.
Preloading 0 native plugins for Editor in 0.00 ms.
Unloading 2115 Unused Serialized files (Serialized files now loaded: 0)
System memory in use before: 95.0 MB.
System memory in use after: 95.1 MB.

Unloading 12 unused Assets to reduce memory usage. Loaded Objects now: 2586.
Total: 1.856100 ms (FindLiveObjects: 0.176000 ms CreateObjectMapping: 0.065300 ms MarkObjects: 1.602200 ms  DeleteObjects: 0.011900 ms)

========================================================================
Received Prepare
Registering precompiled user dll's ...
Registered in 0.003296 seconds.
Begin MonoManager ReloadAssembly
Native extension for WindowsStandalone target not found
Native extension for WebGL target not found
Refreshing native plugins compatible for Editor in 0.57 ms, found 1 plugins.
Preloading 0 native plugins for Editor in 0.00 ms.
Mono: successfully reloaded assembly
- Completed reload, in  0.988 seconds
Platform modules already initialized, skipping
Refreshing native plugins compatible for Editor in 0.46 ms, found 1 plugins.
Preloading 0 native plugins for Editor in 0.00 ms.
Unloading 2115 Unused Serialized files (Serialized files now loaded: 0)
System memory in use before: 95.0 MB.
System memory in use after: 95.1 MB.

Unloading 12 unused Assets to reduce memory usage. Loaded Objects now: 2590.
Total: 2.358200 ms (FindLiveObjects: 0.222400 ms CreateObjectMapping: 0.128300 ms MarkObjects: 1.991900 ms  DeleteObjects: 0.014200 ms)

========================================================================
Received Prepare
Refreshing native plugins compatible for Editor in 2.63 ms, found 1 plugins.
Preloading 0 native plugins for Editor in 0.00 ms.
Unloading 10 Unused Serialized files (Serialized files now loaded: 0)
System memory in use before: 53.0 MB.
System memory in use after: 53.2 MB.

Unloading 10 unused Assets to reduce memory usage. Loaded Objects now: 2590.
Total: 3.290000 ms (FindLiveObjects: 0.227800 ms CreateObjectMapping: 0.077300 ms MarkObjects: 2.961500 ms  DeleteObjects: 0.022300 ms)

========================================================================
Received Prepare
Refreshing native plugins compatible for Editor in 2.95 ms, found 1 plugins.
Preloading 0 native plugins for Editor in 0.00 ms.
Unloading 10 Unused Serialized files (Serialized files now loaded: 0)
System memory in use before: 53.0 MB.
System memory in use after: 53.2 MB.

Unloading 10 unused Assets to reduce memory usage. Loaded Objects now: 2590.
Total: 2.623000 ms (FindLiveObjects: 0.326400 ms CreateObjectMapping: 0.145400 ms MarkObjects: 2.134600 ms  DeleteObjects: 0.015400 ms)

========================================================================
Received Prepare
Refreshing native plugins compatible for Editor in 2.53 ms, found 1 plugins.
Preloading 0 native plugins for Editor in 0.00 ms.
Unloading 10 Unused Serialized files (Serialized files now loaded: 0)
System memory in use before: 53.0 MB.
System memory in use after: 53.2 MB.

Unloading 10 unused Assets to reduce memory usage. Loaded Objects now: 2590.
Total: 2.246100 ms (FindLiveObjects: 0.242100 ms CreateObjectMapping: 0.103400 ms MarkObjects: 1.874800 ms  DeleteObjects: 0.024500 ms)

========================================================================
Received Prepare
Refreshing native plugins compatible for Editor in 2.45 ms, found 1 plugins.
Preloading 0 native plugins for Editor in 0.00 ms.
Unloading 10 Unused Serialized files (Serialized files now loaded: 0)
System memory in use before: 53.0 MB.
System memory in use after: 53.2 MB.

Unloading 10 unused Assets to reduce memory usage. Loaded Objects now: 2590.
Total: 2.752400 ms (FindLiveObjects: 0.286400 ms CreateObjectMapping: 0.105500 ms MarkObjects: 2.309400 ms  DeleteObjects: 0.049400 ms)

========================================================================
Received Prepare
Registering precompiled user dll's ...
Registered in 0.002590 seconds.
Begin MonoManager ReloadAssembly
Native extension for WindowsStandalone target not found
Native extension for WebGL target not found
Refreshing native plugins compatible for Editor in 0.45 ms, found 1 plugins.
Preloading 0 native plugins for Editor in 0.00 ms.
Mono: successfully reloaded assembly
- Completed reload, in  0.923 seconds
Platform modules already initialized, skipping
Refreshing native plugins compatible for Editor in 0.65 ms, found 1 plugins.
Preloading 0 native plugins for Editor in 0.00 ms.
Unloading 2115 Unused Serialized files (Serialized files now loaded: 0)
System memory in use before: 95.0 MB.
System memory in use after: 95.2 MB.

Unloading 12 unused Assets to reduce memory usage. Loaded Objects now: 2594.
Total: 2.529100 ms (FindLiveObjects: 0.361000 ms CreateObjectMapping: 0.143800 ms MarkObjects: 1.987000 ms  DeleteObjects: 0.035800 ms)

========================================================================
Received Prepare
Registering precompiled user dll's ...
Registered in 0.007004 seconds.
Begin MonoManager ReloadAssembly
Native extension for WindowsStandalone target not found
Native extension for WebGL target not found
Refreshing native plugins compatible for Editor in 0.65 ms, found 1 plugins.
Preloading 0 native plugins for Editor in 0.00 ms.
Mono: successfully reloaded assembly
- Completed reload, in  1.595 seconds
Platform modules already initialized, skipping
Refreshing native plugins compatible for Editor in 0.43 ms, found 1 plugins.
Preloading 0 native plugins for Editor in 0.00 ms.
Unloading 2115 Unused Serialized files (Serialized files now loaded: 0)
System memory in use before: 95.0 MB.
System memory in use after: 95.2 MB.

Unloading 12 unused Assets to reduce memory usage. Loaded Objects now: 2598.
Total: 3.324200 ms (FindLiveObjects: 0.294300 ms CreateObjectMapping: 0.097100 ms MarkObjects: 2.888300 ms  DeleteObjects: 0.043500 ms)

========================================================================
Received Prepare
Refreshing native plugins compatible for Editor in 2.82 ms, found 1 plugins.
Preloading 0 native plugins for Editor in 0.00 ms.
Unloading 10 Unused Serialized files (Serialized files now loaded: 0)
System memory in use before: 53.1 MB.
System memory in use after: 53.2 MB.

Unloading 10 unused Assets to reduce memory usage. Loaded Objects now: 2598.
Total: 3.981100 ms (FindLiveObjects: 0.312500 ms CreateObjectMapping: 0.122000 ms MarkObjects: 3.522200 ms  DeleteObjects: 0.023100 ms)

========================================================================
Received Prepare
Refreshing native plugins compatible for Editor in 2.46 ms, found 1 plugins.
Preloading 0 native plugins for Editor in 0.00 ms.
Unloading 10 Unused Serialized files (Serialized files now loaded: 0)
System memory in use before: 53.1 MB.
System memory in use after: 53.2 MB.

Unloading 10 unused Assets to reduce memory usage. Loaded Objects now: 2598.
Total: 2.161800 ms (FindLiveObjects: 0.167300 ms CreateObjectMapping: 0.066400 ms MarkObjects: 1.914300 ms  DeleteObjects: 0.012200 ms)

========================================================================
Received Prepare
Registering precompiled user dll's ...
Registered in 0.003384 seconds.
Begin MonoManager ReloadAssembly
Native extension for WindowsStandalone target not found
Native extension for WebGL target not found
Refreshing native plugins compatible for Editor in 0.50 ms, found 1 plugins.
Preloading 0 native plugins for Editor in 0.00 ms.
Mono: successfully reloaded assembly
- Completed reload, in  1.013 seconds
Platform modules already initialized, skipping
Refreshing native plugins compatible for Editor in 0.73 ms, found 1 plugins.
Preloading 0 native plugins for Editor in 0.00 ms.
Unloading 2115 Unused Serialized files (Serialized files now loaded: 0)
System memory in use before: 95.1 MB.
System memory in use after: 95.2 MB.

Unloading 12 unused Assets to reduce memory usage. Loaded Objects now: 2602.
Total: 2.567300 ms (FindLiveObjects: 0.360000 ms CreateObjectMapping: 0.191000 ms MarkObjects: 1.981800 ms  DeleteObjects: 0.033300 ms)

========================================================================
Received Prepare
Refreshing native plugins compatible for Editor in 2.44 ms, found 1 plugins.
Preloading 0 native plugins for Editor in 0.00 ms.
Unloading 10 Unused Serialized files (Serialized files now loaded: 0)
System memory in use before: 53.1 MB.
System memory in use after: 53.2 MB.

Unloading 10 unused Assets to reduce memory usage. Loaded Objects now: 2602.
Total: 1.688700 ms (FindLiveObjects: 0.210300 ms CreateObjectMapping: 0.067800 ms MarkObjects: 1.395400 ms  DeleteObjects: 0.014200 ms)

========================================================================
Received Prepare
Registering precompiled user dll's ...
Registered in 0.002754 seconds.
Begin MonoManager ReloadAssembly
Native extension for WindowsStandalone target not found
Native extension for WebGL target not found
Refreshing native plugins compatible for Editor in 0.41 ms, found 1 plugins.
Preloading 0 native plugins for Editor in 0.00 ms.
Mono: successfully reloaded assembly
- Completed reload, in  0.928 seconds
Platform modules already initialized, skipping
Refreshing native plugins compatible for Editor in 0.95 ms, found 1 plugins.
Preloading 0 native plugins for Editor in 0.00 ms.
Unloading 2115 Unused Serialized files (Serialized files now loaded: 0)
System memory in use before: 95.1 MB.
System memory in use after: 95.2 MB.

Unloading 12 unused Assets to reduce memory usage. Loaded Objects now: 2606.
Total: 2.145200 ms (FindLiveObjects: 0.183600 ms CreateObjectMapping: 0.093000 ms MarkObjects: 1.848900 ms  DeleteObjects: 0.018200 ms)

========================================================================
Received Prepare
Registering precompiled user dll's ...
Registered in 0.002320 seconds.
Begin MonoManager ReloadAssembly
Native extension for WindowsStandalone target not found
Native extension for WebGL target not found
Refreshing native plugins compatible for Editor in 1.32 ms, found 1 plugins.
Preloading 0 native plugins for Editor in 0.00 ms.
Mono: successfully reloaded assembly
- Completed reload, in  1.709 seconds
Platform modules already initialized, skipping
Refreshing native plugins compatible for Editor in 0.39 ms, found 1 plugins.
Preloading 0 native plugins for Editor in 0.00 ms.
Unloading 2115 Unused Serialized files (Serialized files now loaded: 0)
System memory in use before: 95.1 MB.
System memory in use after: 95.2 MB.

Unloading 12 unused Assets to reduce memory usage. Loaded Objects now: 2610.
Total: 2.232000 ms (FindLiveObjects: 0.211800 ms CreateObjectMapping: 0.073400 ms MarkObjects: 1.927600 ms  DeleteObjects: 0.017700 ms)

========================================================================
Received Prepare
Refreshing native plugins compatible for Editor in 2.81 ms, found 1 plugins.
Preloading 0 native plugins for Editor in 0.00 ms.
Unloading 10 Unused Serialized files (Serialized files now loaded: 0)
System memory in use before: 53.1 MB.
System memory in use after: 53.2 MB.

Unloading 10 unused Assets to reduce memory usage. Loaded Objects now: 2610.
Total: 1.927500 ms (FindLiveObjects: 0.210700 ms CreateObjectMapping: 0.123300 ms MarkObjects: 1.577400 ms  DeleteObjects: 0.015000 ms)

========================================================================
Received Prepare
Registering precompiled user dll's ...
Registered in 0.003889 seconds.
Begin MonoManager ReloadAssembly
Native extension for WindowsStandalone target not found
Native extension for WebGL target not found
Refreshing native plugins compatible for Editor in 0.65 ms, found 1 plugins.
Preloading 0 native plugins for Editor in 0.00 ms.
Mono: successfully reloaded assembly
- Completed reload, in  1.020 seconds
Platform modules already initialized, skipping
Refreshing native plugins compatible for Editor in 0.70 ms, found 1 plugins.
Preloading 0 native plugins for Editor in 0.00 ms.
Unloading 2115 Unused Serialized files (Serialized files now loaded: 0)
System memory in use before: 95.1 MB.
System memory in use after: 95.2 MB.

Unloading 12 unused Assets to reduce memory usage. Loaded Objects now: 2614.
Total: 3.004500 ms (FindLiveObjects: 0.370600 ms CreateObjectMapping: 0.102900 ms MarkObjects: 2.507000 ms  DeleteObjects: 0.022600 ms)

========================================================================
Received Prepare
Refreshing native plugins compatible for Editor in 2.54 ms, found 1 plugins.
Preloading 0 native plugins for Editor in 0.00 ms.
Unloading 10 Unused Serialized files (Serialized files now loaded: 0)
System memory in use before: 53.1 MB.
System memory in use after: 53.3 MB.

Unloading 10 unused Assets to reduce memory usage. Loaded Objects now: 2614.
Total: 2.182500 ms (FindLiveObjects: 0.203000 ms CreateObjectMapping: 0.082600 ms MarkObjects: 1.879900 ms  DeleteObjects: 0.015200 ms)

========================================================================
Received Prepare
Refreshing native plugins compatible for Editor in 2.79 ms, found 1 plugins.
Preloading 0 native plugins for Editor in 0.00 ms.
Unloading 10 Unused Serialized files (Serialized files now loaded: 0)
System memory in use before: 53.1 MB.
System memory in use after: 53.3 MB.

Unloading 10 unused Assets to reduce memory usage. Loaded Objects now: 2614.
Total: 3.269500 ms (FindLiveObjects: 0.298300 ms CreateObjectMapping: 0.257900 ms MarkObjects: 2.659700 ms  DeleteObjects: 0.051900 ms)

========================================================================
Received Import Request.
  path: Assets/Scripts/GameManager.cs
  artifactKey: Guid(1d15d19f15c45794981f4d8e9f5568c1) Importer(815301076,1909f56bfc062723c751e8b465ee728b)
Start importing Assets/Scripts/GameManager.cs using Guid(1d15d19f15c45794981f4d8e9f5568c1) Importer(815301076,1909f56bfc062723c751e8b465ee728b)  -> (artifact id: '61b967b96a0a37abdbf6b9a553225ef1') in 0.014551 seconds
  Import took 0.102004 seconds .

========================================================================
Received Import Request.
  Time since last request: 18.769721 seconds.
  path: Assets/Scripts/GameData.cs
  artifactKey: Guid(e1dec12268ec2804c828acde3b446635) Importer(815301076,1909f56bfc062723c751e8b465ee728b)
Start importing Assets/Scripts/GameData.cs using Guid(e1dec12268ec2804c828acde3b446635) Importer(815301076,1909f56bfc062723c751e8b465ee728b)  -> (artifact id: '739b8b3ecf42d7ffe1980719de69f52f') in 0.003089 seconds
  Import took 0.015824 seconds .

========================================================================
Received Prepare
Registering precompiled user dll's ...
Registered in 0.003143 seconds.
Begin MonoManager ReloadAssembly
Native extension for WindowsStandalone target not found
Native extension for WebGL target not found
Refreshing native plugins compatible for Editor in 0.38 ms, found 1 plugins.
Preloading 0 native plugins for Editor in 0.00 ms.
Mono: successfully reloaded assembly
- Completed reload, in  0.773 seconds
Platform modules already initialized, skipping
Refreshing native plugins compatible for Editor in 0.38 ms, found 1 plugins.
Preloading 0 native plugins for Editor in 0.00 ms.
Unloading 2115 Unused Serialized files (Serialized files now loaded: 0)
System memory in use before: 95.1 MB.
System memory in use after: 95.2 MB.

Unloading 12 unused Assets to reduce memory usage. Loaded Objects now: 2618.
Total: 2.038400 ms (FindLiveObjects: 0.349200 ms CreateObjectMapping: 0.075900 ms MarkObjects: 1.598900 ms  DeleteObjects: 0.013900 ms)

========================================================================
Received Import Request.
  Time since last request: 21.482164 seconds.
  path: Assets/Scripts/GameData.cs
  artifactKey: Guid(e1dec12268ec2804c828acde3b446635) Importer(815301076,1909f56bfc062723c751e8b465ee728b)
Start importing Assets/Scripts/GameData.cs using Guid(e1dec12268ec2804c828acde3b446635) Importer(815301076,1909f56bfc062723c751e8b465ee728b)  -> (artifact id: 'ccab43331be887aec479dd0b04bd295a') in 0.004133 seconds
  Import took 0.007611 seconds .

========================================================================
Received Prepare
Refreshing native plugins compatible for Editor in 2.63 ms, found 1 plugins.
Preloading 0 native plugins for Editor in 0.00 ms.
Unloading 10 Unused Serialized files (Serialized files now loaded: 0)
System memory in use before: 53.2 MB.
System memory in use after: 53.3 MB.

Unloading 10 unused Assets to reduce memory usage. Loaded Objects now: 2618.
Total: 2.383800 ms (FindLiveObjects: 0.327900 ms CreateObjectMapping: 0.084800 ms MarkObjects: 1.926400 ms  DeleteObjects: 0.043200 ms)

========================================================================
Received Prepare
Registering precompiled user dll's ...
Registered in 0.002780 seconds.
Begin MonoManager ReloadAssembly
Native extension for WindowsStandalone target not found
Native extension for WebGL target not found
Refreshing native plugins compatible for Editor in 0.64 ms, found 1 plugins.
Preloading 0 native plugins for Editor in 0.00 ms.
Mono: successfully reloaded assembly
- Completed reload, in  0.907 seconds
Platform modules already initialized, skipping
Refreshing native plugins compatible for Editor in 0.55 ms, found 1 plugins.
Preloading 0 native plugins for Editor in 0.00 ms.
Unloading 2115 Unused Serialized files (Serialized files now loaded: 0)
System memory in use before: 95.1 MB.
System memory in use after: 95.2 MB.

Unloading 12 unused Assets to reduce memory usage. Loaded Objects now: 2622.
Total: 2.596100 ms (FindLiveObjects: 0.248100 ms CreateObjectMapping: 0.114200 ms MarkObjects: 2.212800 ms  DeleteObjects: 0.019900 ms)

AssetImportWorkerClient::OnTransportError - code=2 error=End of file
