Using pre-set license
Built from '2020.3/staging' branch; Version is '2020.3.5f1 (8095aa901b9b) revision 8426922'; Using compiler version '192528614'; Build Type 'Release'
OS: 'Windows 10 Home; OS build 19044.1586; Version 2009; 64bit' Language: 'es' Physical Memory: 16204 MB
BatchMode: 1, IsHumanControllingUs: 0, StartBugReporterOnCrash: 0, Is64bit: 1, IsPro: 0

 COMMAND LINE ARGUMENTS:
C:\Program Files\Unity\Hub\Editor\2020.3.5f1\Editor\Unity.exe
-adb2
-batchMode
-noUpm
-name
AssetImportWorker0
-projectPath
D:/Documentos/Mi Unity/Proyecto de Grado
-logFile
Logs/AssetImportWorker0.log
-srvPort
63772
Successfully changed project path to: D:/Documentos/Mi Unity/Proyecto de Grado
D:/Documentos/Mi Unity/Proyecto de Grado
Using Asset Import Pipeline V2.
Refreshing native plugins compatible for Editor in 39.70 ms, found 1 plugins.
Preloading 0 native plugins for Editor in 0.00 ms.
Initialize engine version: 2020.3.5f1 (8095aa901b9b)
[Subsystems] Discovering subsystems at path C:/Program Files/Unity/Hub/Editor/2020.3.5f1/Editor/Data/Resources/UnitySubsystems
[Subsystems] Discovering subsystems at path D:/Documentos/Mi Unity/Proyecto de Grado/Assets
GfxDevice: creating device client; threaded=0
Direct3D:
    Version:  Direct3D 11.0 [level 11.1]
    Renderer: NVIDIA GeForce RTX 2070 (ID=0x1f14)
    Vendor:   
    VRAM:     8031 MB
    Driver:   30.0.15.1123
Initialize mono
Mono path[0] = 'C:/Program Files/Unity/Hub/Editor/2020.3.5f1/Editor/Data/Managed'
Mono path[1] = 'C:/Program Files/Unity/Hub/Editor/2020.3.5f1/Editor/Data/MonoBleedingEdge/lib/mono/unityjit'
Mono config path = 'C:/Program Files/Unity/Hub/Editor/2020.3.5f1/Editor/Data/MonoBleedingEdge/etc'
Using monoOptions --debugger-agent=transport=dt_socket,embedding=1,server=y,suspend=n,address=127.0.0.1:56420
Begin MonoManager ReloadAssembly
Registering precompiled unity dll's ...
Register platform support module: C:/Program Files/Unity/Hub/Editor/2020.3.5f1/Editor/Data/PlaybackEngines/WebGLSupport/UnityEditor.WebGL.Extensions.dll
Register platform support module: C:/Program Files/Unity/Hub/Editor/2020.3.5f1/Editor/Data/PlaybackEngines/WindowsStandaloneSupport/UnityEditor.WindowsStandalone.Extensions.dll
Registered in 0.002610 seconds.
Native extension for WindowsStandalone target not found
Native extension for WebGL target not found
Refreshing native plugins compatible for Editor in 37.04 ms, found 1 plugins.
Preloading 0 native plugins for Editor in 0.00 ms.
Mono: successfully reloaded assembly
- Completed reload, in  1.141 seconds
Platform modules already initialized, skipping
Registering precompiled user dll's ...
Registered in 0.002797 seconds.
Begin MonoManager ReloadAssembly
Native extension for WindowsStandalone target not found
Native extension for WebGL target not found
Refreshing native plugins compatible for Editor in 60.38 ms, found 1 plugins.
Preloading 0 native plugins for Editor in 0.00 ms.
Mono: successfully reloaded assembly
- Completed reload, in  0.974 seconds
Platform modules already initialized, skipping
========================================================================
Worker process is ready to serve import requests
Launched and connected shader compiler UnityShaderCompiler.exe after 0.04 seconds
Refreshing native plugins compatible for Editor in 0.36 ms, found 1 plugins.
Preloading 0 native plugins for Editor in 0.00 ms.
Unloading 2138 Unused Serialized files (Serialized files now loaded: 0)
System memory in use before: 96.7 MB.
System memory in use after: 96.8 MB.

Unloading 24 unused Assets to reduce memory usage. Loaded Objects now: 2582.
Total: 2.234500 ms (FindLiveObjects: 0.610600 ms CreateObjectMapping: 0.111100 ms MarkObjects: 1.457800 ms  DeleteObjects: 0.054100 ms)

========================================================================
Received Import Request.
  path: Assets/Resources/Prefabs/RoomPlayer.prefab
  artifactKey: Guid(d60e5997e1fed594fadbd0c1285e583f) Importer(815301076,1909f56bfc062723c751e8b465ee728b)
Start importing Assets/Resources/Prefabs/RoomPlayer.prefab using Guid(d60e5997e1fed594fadbd0c1285e583f) Importer(815301076,1909f56bfc062723c751e8b465ee728b)  -> (artifact id: '958435095aa97f940807333dff333738') in 0.060736 seconds
  Import took 0.612724 seconds .

========================================================================
Received Import Request.
  Time since last request: 68.774501 seconds.
  path: Assets/Scripts/MainNetworkManager.cs
  artifactKey: Guid(04b2298110f526f47ad41a4f52f997b7) Importer(815301076,1909f56bfc062723c751e8b465ee728b)
Start importing Assets/Scripts/MainNetworkManager.cs using Guid(04b2298110f526f47ad41a4f52f997b7) Importer(815301076,1909f56bfc062723c751e8b465ee728b)  -> (artifact id: 'd9f22c8c8d36404c5ebdac3d001ed3f1') in 0.007686 seconds
  Import took 0.207925 seconds .

========================================================================
Received Import Request.
  Time since last request: 6.892607 seconds.
  path: Assets/Scripts/MainNetworkManager.cs
  artifactKey: Guid(04b2298110f526f47ad41a4f52f997b7) Importer(815301076,1909f56bfc062723c751e8b465ee728b)
Start importing Assets/Scripts/MainNetworkManager.cs using Guid(04b2298110f526f47ad41a4f52f997b7) Importer(815301076,1909f56bfc062723c751e8b465ee728b)  -> (artifact id: '72ed2ee2ff5aca530dbe52eec500191d') in 0.002476 seconds
  Import took 0.016175 seconds .

========================================================================
Received Prepare
Registering precompiled user dll's ...
Registered in 0.003013 seconds.
Begin MonoManager ReloadAssembly
Native extension for WindowsStandalone target not found
Native extension for WebGL target not found
Refreshing native plugins compatible for Editor in 0.46 ms, found 1 plugins.
Preloading 0 native plugins for Editor in 0.00 ms.
Mono: successfully reloaded assembly
- Completed reload, in  1.151 seconds
Platform modules already initialized, skipping
Refreshing native plugins compatible for Editor in 0.38 ms, found 1 plugins.
Preloading 0 native plugins for Editor in 0.00 ms.
Unloading 2115 Unused Serialized files (Serialized files now loaded: 0)
System memory in use before: 95.0 MB.
System memory in use after: 95.1 MB.

Unloading 13 unused Assets to reduce memory usage. Loaded Objects now: 2586.
Total: 1.971400 ms (FindLiveObjects: 0.288200 ms CreateObjectMapping: 0.116400 ms MarkObjects: 1.509400 ms  DeleteObjects: 0.056000 ms)

AssetImportWorkerClient::OnTransportError - code=2 error=End of file
